<?xml version="1.0" encoding="UTF-8"?>
<!-- Generated by org.testng.reporters.JUnitReportReporter -->
<testsuite hostname="Mayur-Goti" failures="0" tests="4" name="tests.LoginTest" time="40.228" errors="0" timestamp="2022-02-16T18:35:48 GMT-05:00" skipped="0">
  <testcase classname="tests.LoginTest" name="loginWithWrongEmailPasswordTest" time="9.166"/>
  <system-out/>
  <testcase classname="tests.LoginTest" name="loginWithEmptyEmailTest" time="12.130"/>
  <system-out/>
  <testcase classname="tests.LoginTest" name="loginWithEmptyPasswordTest" time="9.359"/>
  <system-out/>
  <testcase classname="tests.LoginTest" name="loginWithSpecialCharEmailTest" time="9.573"/>
  <system-out/>
</testsuite> <!-- tests.LoginTest -->
